<?xml version="1.0" encoding="UTF-8"?>
<!-- Generated by org.testng.reporters.JUnitReportReporter -->
<testsuite skipped="0" hostname="Akshata146Shankarnoor" name="basics.PractisingTestAnnotaions" tests="2" failures="0" timestamp="2023-01-30T12:19:55 IST" time="0.029" errors="0">
  <testcase name="example" time="0.026" classname="basics.PractisingTestAnnotaions"/>
  <system-out/>
  <testcase name="testmeth" time="0.003" classname="basics.PractisingTestAnnotaions"/>
  <system-out/>
</testsuite> <!-- basics.PractisingTestAnnotaions -->
