<?xml version="1.0" encoding="UTF-8"?>
<!-- Generated by org.testng.reporters.JUnitReportReporter -->
<testsuite skipped="0" hostname="Akshata146Shankarnoor" name="dress.Tc_Dress_001" tests="1" failures="0" timestamp="2023-01-30T13:07:01 IST" time="20.825" errors="0">
  <testcase name="TC_Dress_001" time="20.825" classname="dress.Tc_Dress_001"/>
  <system-out/>
</testsuite> <!-- dress.Tc_Dress_001 -->
