<?xml version="1.0" encoding="UTF-8"?>
<!-- Generated by org.testng.reporters.JUnitReportReporter -->
<testsuite skipped="0" hostname="Akshata146Shankarnoor" name="basics.PdfReaderlearningTest" tests="1" failures="0" timestamp="2023-01-31T17:33:57 IST" time="0.731" errors="0">
  <testcase name="PDFreader" time="0.731" classname="basics.PdfReaderlearningTest"/>
  <system-out/>
</testsuite> <!-- basics.PdfReaderlearningTest -->
